<?xml version="1.0" encoding="UTF-8"?>
<!-- Generated by org.testng.reporters.JUnitReportReporter -->
<testsuite hostname="DESKTOP-RHNV6U2" failures="0" tests="1" name="Com.ivlytstage.TestLayer.ProductDisplayTest" time="18.629" errors="0" timestamp="2023-06-14T03:09:48 IST" skipped="0">
  <testcase classname="Com.ivlytstage.TestLayer.ProductDisplayTest" name="ProductDisplayLandingPage" time="18.629"/>
  <system-out/>
</testsuite> <!-- Com.ivlytstage.TestLayer.ProductDisplayTest -->
