<?xml version="1.0" encoding="UTF-8"?>
<!-- Generated by org.testng.reporters.JUnitReportReporter -->
<testsuite hostname="DESKTOP-RHNV6U2" failures="0" tests="2" name="Com.ivlytstage.TestLayer.CatalogueTest" time="83.375" errors="0" timestamp="2023-06-14T03:09:48 IST" skipped="0">
  <testcase classname="Com.ivlytstage.TestLayer.CatalogueTest" name="printAllProductNames" time="44.149"/>
  <system-out/>
  <testcase classname="Com.ivlytstage.TestLayer.CatalogueTest" name="fliterProductsByBrand" time="39.226"/>
  <system-out/>
</testsuite> <!-- Com.ivlytstage.TestLayer.CatalogueTest -->
